2025-05-16T10:48:45.783Z [right meow!] [31merror[39m: [31mError malumoti[39m
2025-05-16T10:48:50.053Z [right meow!] [32minfo[39m: [32mBu oddiy log ma'lumoti[39m
2025-05-16T10:48:50.057Z [right meow!] [31merror[39m: [31mError malumoti[39m
2025-05-16T10:48:50.057Z [right meow!] [33mwarn[39m: [33mwarn malumoti[39m
2025-05-16T10:48:50.058Z [right meow!] [32minfo[39m: [32minfo malumoti[39m
2025-05-16T10:48:55.602Z [right meow!] [32minfo[39m: [32mBu oddiy log ma'lumoti[39m
2025-05-16T10:48:55.605Z [right meow!] [31merror[39m: [31mError malumoti[39m
2025-05-16T10:48:55.606Z [right meow!] [33mwarn[39m: [33mwarn malumoti[39m
2025-05-16T10:48:55.606Z [right meow!] [32minfo[39m: [32minfo malumoti[39m
2025-05-16T10:48:59.922Z [right meow!] [32minfo[39m: [32mBu oddiy log ma'lumoti[39m
2025-05-16T10:48:59.925Z [right meow!] [31merror[39m: [31mError malumoti[39m
2025-05-16T10:48:59.926Z [right meow!] [33mwarn[39m: [33mwarn malumoti[39m
2025-05-16T10:48:59.926Z [right meow!] [32minfo[39m: [32minfo malumoti[39m
2025-05-16T10:49:14.552Z [right meow!] [32minfo[39m: [32mBu oddiy log ma'lumoti[39m
2025-05-16T10:49:14.554Z [right meow!] [31merror[39m: [31mError malumoti[39m
2025-05-16T10:49:14.556Z [right meow!] [33mwarn[39m: [33mwarn malumoti[39m
2025-05-16T10:49:14.556Z [right meow!] [32minfo[39m: [32minfo malumoti[39m
2025-05-16T10:49:17.051Z [right meow!] [32minfo[39m: [32mBu oddiy log ma'lumoti[39m
2025-05-16T10:49:17.056Z [right meow!] [31merror[39m: [31mError malumoti[39m
2025-05-16T10:49:17.057Z [right meow!] [33mwarn[39m: [33mwarn malumoti[39m
2025-05-16T10:49:17.058Z [right meow!] [32minfo[39m: [32minfo malumoti[39m
2025-05-16T10:49:21.530Z [right meow!] [32minfo[39m: [32mBu oddiy log ma'lumoti[39m
2025-05-16T10:49:21.533Z [right meow!] [31merror[39m: [31mError malumoti[39m
2025-05-16T10:49:21.534Z [right meow!] [33mwarn[39m: [33mwarn malumoti[39m
2025-05-16T10:49:21.534Z [right meow!] [32minfo[39m: [32minfo malumoti[39m
2025-05-16T10:49:22.949Z [right meow!] [32minfo[39m: [32mBu oddiy log ma'lumoti[39m
2025-05-16T10:49:22.953Z [right meow!] [31merror[39m: [31mError malumoti[39m
2025-05-16T10:49:22.954Z [right meow!] [33mwarn[39m: [33mwarn malumoti[39m
2025-05-16T10:49:22.954Z [right meow!] [32minfo[39m: [32minfo malumoti[39m
2025-05-16T10:49:25.258Z [right meow!] [32minfo[39m: [32mBu oddiy log ma'lumoti[39m
2025-05-16T10:49:25.261Z [right meow!] [31merror[39m: [31mError malumoti[39m
2025-05-16T10:49:25.263Z [right meow!] [33mwarn[39m: [33mwarn malumoti[39m
2025-05-16T10:49:25.264Z [right meow!] [32minfo[39m: [32minfo malumoti[39m
2025-05-16T10:49:34.135Z [right meow!] [32minfo[39m: [32mBu oddiy log ma'lumoti[39m
2025-05-16T10:49:34.138Z [right meow!] [31merror[39m: [31mError malumoti[39m
2025-05-16T10:49:34.139Z [right meow!] [33mwarn[39m: [33mwarn malumoti[39m
2025-05-16T10:49:34.140Z [right meow!] [32minfo[39m: [32minfo malumoti[39m
2025-05-16T10:50:04.551Z [right meow!] [32minfo[39m: [32mBu oddiy log ma'lumoti[39m
2025-05-16T10:50:04.554Z [right meow!] [31merror[39m: [31mError malumoti[39m
2025-05-16T10:50:04.555Z [right meow!] [33mwarn[39m: [33mwarn malumoti[39m
2025-05-16T10:50:04.556Z [right meow!] [32minfo[39m: [32minfo malumoti[39m
2025-05-16T10:50:22.737Z [right meow!] [32minfo[39m: [32mBu oddiy log ma'lumoti[39m
2025-05-16T10:50:22.739Z [right meow!] [31merror[39m: [31mError malumoti[39m
2025-05-16T10:50:22.740Z [right meow!] [33mwarn[39m: [33mwarn malumoti[39m
2025-05-16T10:50:22.741Z [right meow!] [32minfo[39m: [32minfo malumoti[39m
2025-05-16T10:50:58.230Z [right meow!] [32minfo[39m: [32mBu oddiy log ma'lumoti[39m
2025-05-16T10:50:58.232Z [right meow!] [31merror[39m: [31mError malumoti[39m
2025-05-16T10:50:58.233Z [right meow!] [33mwarn[39m: [33mwarn malumoti[39m
2025-05-16T10:50:58.234Z [right meow!] [32minfo[39m: [32minfo malumoti[39m
2025-05-16T10:51:00.558Z [right meow!] [32minfo[39m: [32mBu oddiy log ma'lumoti[39m
2025-05-16T10:51:00.561Z [right meow!] [31merror[39m: [31mError malumoti[39m
2025-05-16T10:51:00.562Z [right meow!] [33mwarn[39m: [33mwarn malumoti[39m
2025-05-16T10:51:00.562Z [right meow!] [32minfo[39m: [32minfo malumoti[39m
2025-05-16T10:51:05.799Z [right meow!] [32minfo[39m: [32mBu oddiy log ma'lumoti[39m
2025-05-16T10:51:05.803Z [right meow!] [31merror[39m: [31mError malumoti[39m
2025-05-16T10:51:05.804Z [right meow!] [33mwarn[39m: [33mwarn malumoti[39m
2025-05-16T10:51:05.804Z [right meow!] [32minfo[39m: [32minfo malumoti[39m
2025-05-16T10:51:33.900Z [right meow!] [32minfo[39m: [32mBu oddiy log ma'lumoti[39m
2025-05-16T10:51:33.904Z [right meow!] [31merror[39m: [31mError malumoti[39m
2025-05-16T10:51:33.905Z [right meow!] [33mwarn[39m: [33mwarn malumoti[39m
2025-05-16T10:51:33.906Z [right meow!] [32minfo[39m: [32minfo malumoti[39m
2025-05-16T10:52:21.738Z [right meow!] [32minfo[39m: [32mBu oddiy log ma'lumoti[39m
2025-05-16T10:52:21.741Z [right meow!] [31merror[39m: [31mError malumoti[39m
2025-05-16T10:52:21.742Z [right meow!] [33mwarn[39m: [33mwarn malumoti[39m
2025-05-16T10:52:21.742Z [right meow!] [32minfo[39m: [32minfo malumoti[39m
2025-05-16T10:52:37.264Z [right meow!] [32minfo[39m: [32mBu oddiy log ma'lumoti[39m
2025-05-16T10:52:37.267Z [right meow!] [31merror[39m: [31mError malumoti[39m
2025-05-16T10:52:37.268Z [right meow!] [33mwarn[39m: [33mwarn malumoti[39m
2025-05-16T10:52:37.268Z [right meow!] [32minfo[39m: [32minfo malumoti[39m
2025-05-16T10:53:11.526Z [right meow!] [32minfo[39m: [32mBu oddiy log ma'lumoti[39m
2025-05-16T10:53:11.529Z [right meow!] [31merror[39m: [31mError malumoti[39m
2025-05-16T10:53:11.530Z [right meow!] [33mwarn[39m: [33mwarn malumoti[39m
2025-05-16T10:53:11.531Z [right meow!] [32minfo[39m: [32minfo malumoti[39m
2025-05-16T10:53:38.958Z [right meow!] [32minfo[39m: [32mBu oddiy log ma'lumoti[39m
2025-05-16T10:53:38.961Z [right meow!] [31merror[39m: [31mError malumoti[39m
2025-05-16T10:53:38.962Z [right meow!] [33mwarn[39m: [33mwarn malumoti[39m
2025-05-16T10:53:38.963Z [right meow!] [32minfo[39m: [32minfo malumoti[39m
2025-05-16T10:53:46.740Z [right meow!] [31merror[39m: [31munhandledRejection: UnHandledRejection example[39m
[31mError: UnHandledRejection example[39m
[31m    at C:\Users\HP\.vscode\fulstack2\lesson215L\controllers\author.controller.js:131:14[39m
[31m    at new Promise (<anonymous>)[39m
[31m    at loginAuthor (C:\Users\HP\.vscode\fulstack2\lesson215L\controllers\author.controller.js:130:5)[39m
[31m    at process.processTicksAndRejections (node:internal/process/task_queues:105:5)[39m
2025-05-16T10:54:36.930Z [right meow!] [32minfo[39m: [32mBu oddiy log ma'lumoti[39m
2025-05-16T10:54:36.934Z [right meow!] [31merror[39m: [31mError malumoti[39m
2025-05-16T10:54:36.935Z [right meow!] [33mwarn[39m: [33mwarn malumoti[39m
2025-05-16T10:54:36.935Z [right meow!] [32minfo[39m: [32minfo malumoti[39m
2025-05-16T10:54:38.452Z [right meow!] [32minfo[39m: [32mBu oddiy log ma'lumoti[39m
2025-05-16T10:54:38.455Z [right meow!] [31merror[39m: [31mError malumoti[39m
2025-05-16T10:54:38.456Z [right meow!] [33mwarn[39m: [33mwarn malumoti[39m
2025-05-16T10:54:38.457Z [right meow!] [32minfo[39m: [32minfo malumoti[39m
2025-05-16T10:54:43.312Z [right meow!] [31merror[39m: [31munhandledRejection: UnHandledRejection example[39m
[31mError: UnHandledRejection example[39m
[31m    at C:\Users\HP\.vscode\fulstack2\lesson215L\controllers\author.controller.js:131:14[39m
[31m    at new Promise (<anonymous>)[39m
[31m    at loginAuthor (C:\Users\HP\.vscode\fulstack2\lesson215L\controllers\author.controller.js:130:5)[39m
[31m    at process.processTicksAndRejections (node:internal/process/task_queues:105:5)[39m
2025-05-16T10:57:02.053Z [right meow!] [32minfo[39m: [32mBu oddiy log ma'lumoti[39m
2025-05-16T10:57:02.056Z [right meow!] [31merror[39m: [31mError malumoti[39m
2025-05-16T10:57:02.057Z [right meow!] [33mwarn[39m: [33mwarn malumoti[39m
2025-05-16T10:57:02.058Z [right meow!] [32minfo[39m: [32minfo malumoti[39m
2025-05-16T10:57:13.916Z [right meow!] [31merror[39m: [31mExpected ',' or '}' after property value in JSON at position 46 (line 3 column 5)[39m
2025-05-16T10:58:08.629Z [right meow!] [32minfo[39m: [32mBu oddiy log ma'lumoti[39m
2025-05-16T10:58:08.633Z [right meow!] [31merror[39m: [31mError malumoti[39m
2025-05-16T10:58:08.634Z [right meow!] [33mwarn[39m: [33mwarn malumoti[39m
2025-05-16T10:58:08.635Z [right meow!] [32minfo[39m: [32minfo malumoti[39m
2025-05-16T10:58:11.326Z [right meow!] [32minfo[39m: [32mExpected ',' or '}' after property value in JSON at position 46 (line 3 column 5)[39m
2025-05-16T10:58:58.458Z [right meow!] [32minfo[39m: [32mBu oddiy log ma'lumoti[39m
2025-05-16T10:58:58.461Z [right meow!] [31merror[39m: [31mError malumoti[39m
2025-05-16T10:58:58.462Z [right meow!] [33mwarn[39m: [33mwarn malumoti[39m
2025-05-16T10:58:58.462Z [right meow!] [32minfo[39m: [32minfo malumoti[39m
2025-05-16T10:59:02.070Z [right meow!] [31merror[39m: [31mExpected ',' or '}' after property value in JSON at position 46 (line 3 column 5)[39m
2025-05-16T10:59:38.850Z [right meow!] [32minfo[39m: [32mBu oddiy log ma'lumoti[39m
2025-05-16T10:59:38.855Z [right meow!] [31merror[39m: [31mError malumoti[39m
2025-05-16T10:59:38.857Z [right meow!] [33mwarn[39m: [33mwarn malumoti[39m
2025-05-16T10:59:38.857Z [right meow!] [32minfo[39m: [32minfo malumoti[39m
2025-05-16T10:59:44.410Z [right meow!] [31merror[39m: [31mExpected ',' or '}' after property value in JSON at position 46 (line 3 column 5)[39m
2025-05-16T10:59:55.622Z [right meow!] [32minfo[39m: [32mBu oddiy log ma'lumoti[39m
2025-05-16T10:59:55.626Z [right meow!] [31merror[39m: [31mError malumoti[39m
2025-05-16T10:59:55.627Z [right meow!] [33mwarn[39m: [33mwarn malumoti[39m
2025-05-16T10:59:55.628Z [right meow!] [32minfo[39m: [32minfo malumoti[39m
2025-05-16T11:00:12.189Z [right meow!] [31merror[39m: [31mExpected ',' or '}' after property value in JSON at position 46 (line 3 column 5)[39m
2025-05-16T11:01:04.335Z [right meow!] [32minfo[39m: [32mBu oddiy log ma'lumoti[39m
2025-05-16T11:01:04.338Z [right meow!] [31merror[39m: [31mError malumoti[39m
2025-05-16T11:01:04.339Z [right meow!] [33mwarn[39m: [33mwarn malumoti[39m
2025-05-16T11:01:04.340Z [right meow!] [32minfo[39m: [32minfo malumoti[39m
2025-05-16T11:02:35.575Z [right meow!] [32minfo[39m: [32mBu oddiy log ma'lumoti[39m
2025-05-16T11:02:35.578Z [right meow!] [31merror[39m: [31mError malumoti[39m
2025-05-16T11:02:35.579Z [right meow!] [33mwarn[39m: [33mwarn malumoti[39m
2025-05-16T11:02:35.580Z [right meow!] [32minfo[39m: [32minfo malumoti[39m
2025-05-16T11:06:05.166Z [right meow!] [32minfo[39m: [32mBu oddiy log ma'lumoti[39m
2025-05-16T11:06:05.169Z [right meow!] [31merror[39m: [31mError malumoti[39m
2025-05-16T11:06:05.170Z [right meow!] [33mwarn[39m: [33mwarn malumoti[39m
2025-05-16T11:06:05.170Z [right meow!] [32minfo[39m: [32minfo malumoti[39m
2025-05-16T11:07:25.952Z [right meow!] [32minfo[39m: [32mBu oddiy log ma'lumoti[39m
2025-05-16T11:07:25.955Z [right meow!] [31merror[39m: [31mError malumoti[39m
2025-05-16T11:07:25.956Z [right meow!] [33mwarn[39m: [33mwarn malumoti[39m
2025-05-16T11:07:25.956Z [right meow!] [32minfo[39m: [32minfo malumoti[39m
{"label":"right meow!","level":"info","message":"Bu oddiy log ma'lumoti","timestamp":"2025-05-16T11:08:31.168Z"}
{"label":"right meow!","level":"error","message":"Error malumoti","timestamp":"2025-05-16T11:08:31.173Z"}
{"label":"right meow!","level":"warn","message":"warn malumoti","timestamp":"2025-05-16T11:08:31.175Z"}
{"label":"right meow!","level":"info","message":"info malumoti","timestamp":"2025-05-16T11:08:31.176Z"}
{"label":"right meow!","level":"info","message":"Bu oddiy log ma'lumoti","timestamp":"2025-05-16T11:11:25.417Z"}
{"label":"right meow!","level":"error","message":"Error malumoti","timestamp":"2025-05-16T11:11:25.420Z"}
{"label":"right meow!","level":"warn","message":"warn malumoti","timestamp":"2025-05-16T11:11:25.421Z"}
{"label":"right meow!","level":"info","message":"info malumoti","timestamp":"2025-05-16T11:11:25.422Z"}
{"date":"Fri May 16 2025 16:14:58 GMT+0500 (Узбекистан, стандартное время)","error":{},"label":"right meow!","level":"error","message":"unhandledRejection: UnHandledRejection example\nError: UnHandledRejection example\n    at C:\\Users\\HP\\.vscode\\fulstack2\\lesson215L\\controllers\\author.controller.js:131:14\n    at new Promise (<anonymous>)\n    at loginAuthor (C:\\Users\\HP\\.vscode\\fulstack2\\lesson215L\\controllers\\author.controller.js:130:5)\n    at process.processTicksAndRejections (node:internal/process/task_queues:105:5)","os":{"loadavg":[0,0,0],"uptime":84111.671},"process":{"argv":["C:\\Program Files\\nodejs\\node.exe","C:\\Users\\HP\\.vscode\\fulstack2\\lesson215L\\app.js"],"cwd":"C:\\Users\\HP\\.vscode\\fulstack2\\lesson215L","execPath":"C:\\Program Files\\nodejs\\node.exe","gid":null,"memoryUsage":{"arrayBuffers":18321001,"external":20766314,"heapTotal":32382976,"heapUsed":28051248,"rss":79138816},"pid":1280,"uid":null,"version":"v22.14.0"},"rejection":true,"stack":"Error: UnHandledRejection example\n    at C:\\Users\\HP\\.vscode\\fulstack2\\lesson215L\\controllers\\author.controller.js:131:14\n    at new Promise (<anonymous>)\n    at loginAuthor (C:\\Users\\HP\\.vscode\\fulstack2\\lesson215L\\controllers\\author.controller.js:130:5)\n    at process.processTicksAndRejections (node:internal/process/task_queues:105:5)","timestamp":"2025-05-16T11:14:58.634Z","trace":[{"column":14,"file":"C:\\Users\\HP\\.vscode\\fulstack2\\lesson215L\\controllers\\author.controller.js","function":null,"line":131,"method":null,"native":false},{"column":null,"file":null,"function":"new Promise","line":null,"method":null,"native":false},{"column":5,"file":"C:\\Users\\HP\\.vscode\\fulstack2\\lesson215L\\controllers\\author.controller.js","function":"loginAuthor","line":130,"method":null,"native":false},{"column":5,"file":"node:internal/process/task_queues","function":"process.processTicksAndRejections","line":105,"method":"processTicksAndRejections","native":false}]}
{"body":"{\r\n    \"email\":\"john333.doe@example.com\"\r\n    \"password\":\"securePassword\"\r\n}","expose":true,"label":"right meow!","level":"error","status":400,"statusCode":400,"timestamp":"2025-05-16T11:25:12.262Z","type":"entity.parse.failed"}
