2025-05-16T10:48:06.246Z [right meow!] [31merror[39m: [31mError malumoti[39m
2025-05-16T10:48:37.947Z [right meow!] [31merror[39m: [31mError malumoti[39m
2025-05-16T10:48:37.947Z [right meow!] [31merror[39m: [31mError malumoti[39m
2025-05-16T10:48:45.783Z [right meow!] [31merror[39m: [31mError malumoti[39m
2025-05-16T10:48:50.057Z [right meow!] [31merror[39m: [31mError malumoti[39m
2025-05-16T10:48:55.605Z [right meow!] [31merror[39m: [31mError malumoti[39m
2025-05-16T10:48:59.925Z [right meow!] [31merror[39m: [31mError malumoti[39m
2025-05-16T10:49:14.554Z [right meow!] [31merror[39m: [31mError malumoti[39m
2025-05-16T10:49:17.056Z [right meow!] [31merror[39m: [31mError malumoti[39m
2025-05-16T10:49:21.533Z [right meow!] [31merror[39m: [31mError malumoti[39m
2025-05-16T10:49:22.953Z [right meow!] [31merror[39m: [31mError malumoti[39m
2025-05-16T10:49:25.261Z [right meow!] [31merror[39m: [31mError malumoti[39m
2025-05-16T10:49:34.138Z [right meow!] [31merror[39m: [31mError malumoti[39m
2025-05-16T10:50:04.554Z [right meow!] [31merror[39m: [31mError malumoti[39m
2025-05-16T10:50:22.739Z [right meow!] [31merror[39m: [31mError malumoti[39m
2025-05-16T10:50:58.232Z [right meow!] [31merror[39m: [31mError malumoti[39m
2025-05-16T10:51:00.561Z [right meow!] [31merror[39m: [31mError malumoti[39m
2025-05-16T10:51:05.803Z [right meow!] [31merror[39m: [31mError malumoti[39m
2025-05-16T10:51:33.904Z [right meow!] [31merror[39m: [31mError malumoti[39m
2025-05-16T10:52:21.741Z [right meow!] [31merror[39m: [31mError malumoti[39m
2025-05-16T10:52:37.267Z [right meow!] [31merror[39m: [31mError malumoti[39m
2025-05-16T10:53:11.529Z [right meow!] [31merror[39m: [31mError malumoti[39m
2025-05-16T10:53:38.961Z [right meow!] [31merror[39m: [31mError malumoti[39m
2025-05-16T10:53:46.740Z [right meow!] [31merror[39m: [31munhandledRejection: UnHandledRejection example[39m
[31mError: UnHandledRejection example[39m
[31m    at C:\Users\HP\.vscode\fulstack2\lesson215L\controllers\author.controller.js:131:14[39m
[31m    at new Promise (<anonymous>)[39m
[31m    at loginAuthor (C:\Users\HP\.vscode\fulstack2\lesson215L\controllers\author.controller.js:130:5)[39m
[31m    at process.processTicksAndRejections (node:internal/process/task_queues:105:5)[39m
2025-05-16T10:54:36.934Z [right meow!] [31merror[39m: [31mError malumoti[39m
2025-05-16T10:54:38.455Z [right meow!] [31merror[39m: [31mError malumoti[39m
2025-05-16T10:54:43.312Z [right meow!] [31merror[39m: [31munhandledRejection: UnHandledRejection example[39m
[31mError: UnHandledRejection example[39m
[31m    at C:\Users\HP\.vscode\fulstack2\lesson215L\controllers\author.controller.js:131:14[39m
[31m    at new Promise (<anonymous>)[39m
[31m    at loginAuthor (C:\Users\HP\.vscode\fulstack2\lesson215L\controllers\author.controller.js:130:5)[39m
[31m    at process.processTicksAndRejections (node:internal/process/task_queues:105:5)[39m
2025-05-16T10:57:02.056Z [right meow!] [31merror[39m: [31mError malumoti[39m
2025-05-16T10:57:13.916Z [right meow!] [31merror[39m: [31mExpected ',' or '}' after property value in JSON at position 46 (line 3 column 5)[39m
2025-05-16T10:58:08.633Z [right meow!] [31merror[39m: [31mError malumoti[39m
2025-05-16T10:58:58.461Z [right meow!] [31merror[39m: [31mError malumoti[39m
2025-05-16T10:59:02.070Z [right meow!] [31merror[39m: [31mExpected ',' or '}' after property value in JSON at position 46 (line 3 column 5)[39m
2025-05-16T10:59:38.850Z [right meow!] [32minfo[39m: [32mBu oddiy log ma'lumoti[39m
2025-05-16T10:59:38.855Z [right meow!] [31merror[39m: [31mError malumoti[39m
2025-05-16T10:59:38.857Z [right meow!] [33mwarn[39m: [33mwarn malumoti[39m
2025-05-16T10:59:38.857Z [right meow!] [32minfo[39m: [32minfo malumoti[39m
2025-05-16T10:59:44.410Z [right meow!] [31merror[39m: [31mExpected ',' or '}' after property value in JSON at position 46 (line 3 column 5)[39m
2025-05-16T10:59:55.626Z [right meow!] [31merror[39m: [31mError malumoti[39m
2025-05-16T11:00:12.189Z [right meow!] [31merror[39m: [31mExpected ',' or '}' after property value in JSON at position 46 (line 3 column 5)[39m
2025-05-16T11:01:04.338Z [right meow!] [31merror[39m: [31mError malumoti[39m
2025-05-16T11:02:35.578Z [right meow!] [31merror[39m: [31mError malumoti[39m
2025-05-16T11:06:05.169Z [right meow!] [31merror[39m: [31mError malumoti[39m
2025-05-16T11:07:25.955Z [right meow!] [31merror[39m: [31mError malumoti[39m
{"label":"right meow!","level":"error","message":"Error malumoti","timestamp":"2025-05-16T11:08:31.173Z"}
{"label":"right meow!","level":"error","message":"Error malumoti","timestamp":"2025-05-16T11:11:25.420Z"}
{"date":"Fri May 16 2025 16:14:58 GMT+0500 (Узбекистан, стандартное время)","error":{},"label":"right meow!","level":"error","message":"unhandledRejection: UnHandledRejection example\nError: UnHandledRejection example\n    at C:\\Users\\HP\\.vscode\\fulstack2\\lesson215L\\controllers\\author.controller.js:131:14\n    at new Promise (<anonymous>)\n    at loginAuthor (C:\\Users\\HP\\.vscode\\fulstack2\\lesson215L\\controllers\\author.controller.js:130:5)\n    at process.processTicksAndRejections (node:internal/process/task_queues:105:5)","os":{"loadavg":[0,0,0],"uptime":84111.671},"process":{"argv":["C:\\Program Files\\nodejs\\node.exe","C:\\Users\\HP\\.vscode\\fulstack2\\lesson215L\\app.js"],"cwd":"C:\\Users\\HP\\.vscode\\fulstack2\\lesson215L","execPath":"C:\\Program Files\\nodejs\\node.exe","gid":null,"memoryUsage":{"arrayBuffers":18321001,"external":20766314,"heapTotal":32382976,"heapUsed":28051248,"rss":79138816},"pid":1280,"uid":null,"version":"v22.14.0"},"rejection":true,"stack":"Error: UnHandledRejection example\n    at C:\\Users\\HP\\.vscode\\fulstack2\\lesson215L\\controllers\\author.controller.js:131:14\n    at new Promise (<anonymous>)\n    at loginAuthor (C:\\Users\\HP\\.vscode\\fulstack2\\lesson215L\\controllers\\author.controller.js:130:5)\n    at process.processTicksAndRejections (node:internal/process/task_queues:105:5)","timestamp":"2025-05-16T11:14:58.634Z","trace":[{"column":14,"file":"C:\\Users\\HP\\.vscode\\fulstack2\\lesson215L\\controllers\\author.controller.js","function":null,"line":131,"method":null,"native":false},{"column":null,"file":null,"function":"new Promise","line":null,"method":null,"native":false},{"column":5,"file":"C:\\Users\\HP\\.vscode\\fulstack2\\lesson215L\\controllers\\author.controller.js","function":"loginAuthor","line":130,"method":null,"native":false},{"column":5,"file":"node:internal/process/task_queues","function":"process.processTicksAndRejections","line":105,"method":"processTicksAndRejections","native":false}]}
{"body":"{\r\n    \"email\":\"john333.doe@example.com\"\r\n    \"password\":\"securePassword\"\r\n}","expose":true,"label":"right meow!","level":"error","status":400,"statusCode":400,"timestamp":"2025-05-16T11:25:12.262Z","type":"entity.parse.failed"}
